<?xml version="1.0" encoding="UTF-8" ?>
<testsuite tests="5" failures="0" name="com.itheima.service.BookServiceTest" time="1.377" errors="0" skipped="0">
  <properties>
[...]
</properties>
  <testcase classname="com.itheima.service.BookServiceTest" name="testSave" time="0.026"/>
  <testcase classname="com.itheima.service.BookServiceTest" name="testGetById" time="1.324"/>
  <testcase classname="com.itheima.service.BookServiceTest" name="testDelete" time="0.004"/>
  <testcase classname="com.itheima.service.BookServiceTest" name="testGetAll" time="0.022"/>
  <testcase classname="com.itheima.service.BookServiceTest" name="testUpdate" time="0.001"/>
</testsuite>